<?xml version="1.0" encoding="UTF-8"?>
<testsuite name="exercises.SetsTest" tests="8" skipped="0" failures="0" errors="0" timestamp="2022-03-27T20:07:23" hostname="davides-Air.fritz.box" time="0.043">
  <properties/>
  <testcase name="firstRecurringCharacter()" classname="exercises.SetsTest" time="0.023"/>
  <testcase name="toList()" classname="exercises.SetsTest" time="0.001"/>
  <testcase name="removeDuplicates_manual()" classname="exercises.SetsTest" time="0.002"/>
  <testcase name="intersection_manual()" classname="exercises.SetsTest" time="0.001"/>
  <testcase name="removeDuplicates()" classname="exercises.SetsTest" time="0.001"/>
  <testcase name="union_manual()" classname="exercises.SetsTest" time="0.001"/>
  <testcase name="union()" classname="exercises.SetsTest" time="0.0"/>
  <testcase name="intersection()" classname="exercises.SetsTest" time="0.001"/>
  <system-out><![CDATA[]]></system-out>
  <system-err><![CDATA[]]></system-err>
</testsuite>
